{"C:\\WWW\\yo-split\\src\\index.ts": {"path":"C:\\WWW\\yo-split\\src\\index.ts","statementMap":{"0":{"start":{"line":1,"column":13},"end":{"line":1,"column":42}},"1":{"start":{"line":1,"column":42},"end":{"line":1,"column":55}},"2":{"start":{"line":2,"column":17},"end":{"line":7,"column":1}},"3":{"start":{"line":3,"column":12},"end":{"line":3,"column":28}},"4":{"start":{"line":3,"column":33},"end":{"line":3,"column":124}},"5":{"start":{"line":4,"column":4},"end":{"line":5,"column":145}},"6":{"start":{"line":4,"column":79},"end":{"line":4,"column":131}},"7":{"start":{"line":5,"column":4},"end":{"line":5,"column":145}},"8":{"start":{"line":5,"column":53},"end":{"line":5,"column":145}},"9":{"start":{"line":5,"column":76},"end":{"line":5,"column":145}},"10":{"start":{"line":6,"column":4},"end":{"line":6,"column":66}},"11":{"start":{"line":8,"column":0},"end":{"line":8,"column":62}},"12":{"start":{"line":9,"column":15},"end":{"line":9,"column":39}},"13":{"start":{"line":10,"column":17},"end":{"line":10,"column":43}},"14":{"start":{"line":11,"column":26},"end":{"line":11,"column":54}},"15":{"start":{"line":12,"column":30},"end":{"line":12,"column":62}},"16":{"start":{"line":13,"column":32},"end":{"line":13,"column":66}},"17":{"start":{"line":14,"column":25},"end":{"line":20,"column":6}},"18":{"start":{"line":16,"column":8},"end":{"line":18,"column":28}},"19":{"start":{"line":22,"column":0},"end":{"line":38,"column":20}},"20":{"start":{"line":39,"column":0},"end":{"line":39,"column":48}}},"fnMap":{"0":{"name":"(anonymous_0)","decl":{"start":{"line":2,"column":44},"end":{"line":2,"column":45}},"loc":{"start":{"line":2,"column":85},"end":{"line":7,"column":1}},"line":2},"1":{"name":"(anonymous_1)","decl":{"start":{"line":15,"column":4},"end":{"line":15,"column":5}},"loc":{"start":{"line":15,"column":21},"end":{"line":20,"column":5}},"line":15}},"branchMap":{"0":{"loc":{"start":{"line":2,"column":17},"end":{"line":7,"column":1}},"type":"binary-expr","locations":[{"start":{"line":2,"column":17},"end":{"line":2,"column":21}},{"start":{"line":2,"column":25},"end":{"line":2,"column":40}},{"start":{"line":2,"column":44},"end":{"line":7,"column":1}}],"line":2},"1":{"loc":{"start":{"line":3,"column":33},"end":{"line":3,"column":124}},"type":"cond-expr","locations":[{"start":{"line":3,"column":41},"end":{"line":3,"column":47}},{"start":{"line":3,"column":50},"end":{"line":3,"column":124}}],"line":3},"2":{"loc":{"start":{"line":3,"column":50},"end":{"line":3,"column":124}},"type":"cond-expr","locations":[{"start":{"line":3,"column":66},"end":{"line":3,"column":117}},{"start":{"line":3,"column":120},"end":{"line":3,"column":124}}],"line":3},"3":{"loc":{"start":{"line":4,"column":4},"end":{"line":5,"column":145}},"type":"if","locations":[{"start":{"line":4,"column":4},"end":{"line":5,"column":145}},{"start":{"line":4,"column":4},"end":{"line":5,"column":145}}],"line":4},"4":{"loc":{"start":{"line":4,"column":8},"end":{"line":4,"column":77}},"type":"binary-expr","locations":[{"start":{"line":4,"column":8},"end":{"line":4,"column":35}},{"start":{"line":4,"column":39},"end":{"line":4,"column":77}}],"line":4},"5":{"loc":{"start":{"line":5,"column":53},"end":{"line":5,"column":145}},"type":"if","locations":[{"start":{"line":5,"column":53},"end":{"line":5,"column":145}},{"start":{"line":5,"column":53},"end":{"line":5,"column":145}}],"line":5},"6":{"loc":{"start":{"line":5,"column":80},"end":{"line":5,"column":144}},"type":"binary-expr","locations":[{"start":{"line":5,"column":81},"end":{"line":5,"column":138}},{"start":{"line":5,"column":143},"end":{"line":5,"column":144}}],"line":5},"7":{"loc":{"start":{"line":5,"column":81},"end":{"line":5,"column":138}},"type":"cond-expr","locations":[{"start":{"line":5,"column":89},"end":{"line":5,"column":93}},{"start":{"line":5,"column":96},"end":{"line":5,"column":138}}],"line":5},"8":{"loc":{"start":{"line":5,"column":96},"end":{"line":5,"column":138}},"type":"cond-expr","locations":[{"start":{"line":5,"column":104},"end":{"line":5,"column":121}},{"start":{"line":5,"column":124},"end":{"line":5,"column":138}}],"line":5},"9":{"loc":{"start":{"line":6,"column":11},"end":{"line":6,"column":62}},"type":"binary-expr","locations":[{"start":{"line":6,"column":11},"end":{"line":6,"column":16}},{"start":{"line":6,"column":20},"end":{"line":6,"column":21}},{"start":{"line":6,"column":25},"end":{"line":6,"column":62}}],"line":6}},"s":{"0":0,"1":0,"2":0,"3":0,"4":0,"5":0,"6":0,"7":0,"8":0,"9":0,"10":0,"11":0,"12":0,"13":0,"14":0,"15":0,"16":0,"17":0,"18":0,"19":0,"20":0},"f":{"0":0,"1":0},"b":{"0":[0,0,0],"1":[0,0],"2":[0,0],"3":[0,0],"4":[0,0],"5":[0,0],"6":[0,0],"7":[0,0],"8":[0,0],"9":[0,0,0]}}
,"C:\\WWW\\yo-split\\src\\jest-global-mocks.ts": {"path":"C:\\WWW\\yo-split\\src\\jest-global-mocks.ts","statementMap":{"0":{"start":{"line":1,"column":13},"end":{"line":9,"column":1}},"1":{"start":{"line":2,"column":6},"end":{"line":2,"column":15}},"2":{"start":{"line":4,"column":20},"end":{"line":4,"column":26}},"3":{"start":{"line":5,"column":29},"end":{"line":5,"column":36}},"4":{"start":{"line":6,"column":23},"end":{"line":6,"column":29}},"5":{"start":{"line":7,"column":17},"end":{"line":7,"column":26}},"6":{"start":{"line":11,"column":0},"end":{"line":11,"column":54}},"7":{"start":{"line":12,"column":0},"end":{"line":12,"column":56}},"8":{"start":{"line":14,"column":15},"end":{"line":14,"column":15}}},"fnMap":{"0":{"name":"(anonymous_0)","decl":{"start":{"line":1,"column":13},"end":{"line":null,"column":-1}},"loc":{"start":{"line":1,"column":13},"end":{"line":9,"column":1}}},"1":{"name":"(anonymous_1)","decl":{"start":{"line":4,"column":13},"end":{"line":4,"column":19}},"loc":{"start":{"line":4,"column":20},"end":{"line":4,"column":26}}},"2":{"name":"(anonymous_2)","decl":{"start":{"line":5,"column":13},"end":{"line":5,"column":14}},"loc":{"start":{"line":5,"column":29},"end":{"line":5,"column":36}}},"3":{"name":"(anonymous_3)","decl":{"start":{"line":6,"column":16},"end":{"line":6,"column":22}},"loc":{"start":{"line":6,"column":23},"end":{"line":6,"column":29}}},"4":{"name":"(anonymous_4)","decl":{"start":{"line":7,"column":11},"end":{"line":7,"column":16}},"loc":{"start":{"line":7,"column":17},"end":{"line":7,"column":26}}},"5":{"name":"(anonymous_5)","decl":{"start":{"line":14,"column":9},"end":{"line":14,"column":14}},"loc":{"start":{"line":14,"column":15},"end":{"line":14,"column":15}}}},"branchMap":{"0":{"loc":{"start":{"line":4,"column":20},"end":{"line":4,"column":26}},"type":"cond-expr","locations":[{"start":{"line":4,"column":20},"end":{"line":4,"column":26}},{"start":{"line":4,"column":20},"end":{"line":4,"column":26}}]},"1":{"loc":{"start":{"line":5,"column":29},"end":{"line":5,"column":36}},"type":"binary-expr","locations":[{"start":{"line":5,"column":29},"end":{"line":5,"column":36}},{"start":{"line":5,"column":29},"end":{"line":5,"column":36}}]}},"s":{"0":1,"1":2,"2":0,"3":0,"4":0,"5":0,"6":1,"7":1,"8":0},"f":{"0":2,"1":0,"2":0,"3":0,"4":0,"5":0},"b":{"0":[0,0],"1":[0,0]}}
,"C:\\WWW\\yo-split\\src\\jest.ts": {"path":"C:\\WWW\\yo-split\\src\\jest.ts","statementMap":{"0":{"start":{"line":1,"column":0},"end":{"line":1,"column":29}},"1":{"start":{"line":2,"column":0},"end":{"line":2,"column":29}}},"fnMap":{},"branchMap":{},"s":{"0":1,"1":1},"f":{},"b":{}}
,"C:\\WWW\\yo-split\\src\\split.component.ts": {"path":"C:\\WWW\\yo-split\\src\\split.component.ts","statementMap":{"0":{"start":{"line":1,"column":0},"end":{"line":1,"column":186}},"1":{"start":{"line":3,"column":0},"end":{"line":3,"column":38}},"2":{"start":{"line":4,"column":0},"end":{"line":4,"column":40}},"3":{"start":{"line":131,"column":24},"end":{"line":null,"column":-1}},"4":{"start":{"line":132,"column":24},"end":{"line":null,"column":-1}},"5":{"start":{"line":133,"column":24},"end":{"line":null,"column":-1}},"6":{"start":{"line":81,"column":13},"end":{"line":81,"column":33}},"7":{"start":{"line":84,"column":13},"end":{"line":84,"column":34}},"8":{"start":{"line":85,"column":13},"end":{"line":85,"column":33}},"9":{"start":{"line":86,"column":13},"end":{"line":86,"column":42}},"10":{"start":{"line":88,"column":14},"end":{"line":88,"column":58}},"11":{"start":{"line":89,"column":14},"end":{"line":89,"column":61}},"12":{"start":{"line":90,"column":14},"end":{"line":90,"column":56}},"13":{"start":{"line":91,"column":4},"end":{"line":91,"column":46}},"14":{"start":{"line":92,"column":14},"end":{"line":92,"column":99}},"15":{"start":{"line":123,"column":11},"end":{"line":123,"column":37}},"16":{"start":{"line":124,"column":12},"end":{"line":124,"column":33}},"17":{"start":{"line":125,"column":12},"end":{"line":125,"column":34}},"18":{"start":{"line":126,"column":12},"end":{"line":126,"column":36}},"19":{"start":{"line":127,"column":12},"end":{"line":127,"column":32}},"20":{"start":{"line":128,"column":12},"end":{"line":128,"column":32}},"21":{"start":{"line":129,"column":12},"end":{"line":129,"column":45}},"22":{"start":{"line":95,"column":8},"end":{"line":95,"column":34}},"23":{"start":{"line":99,"column":8},"end":{"line":99,"column":34}},"24":{"start":{"line":104,"column":8},"end":{"line":104,"column":15}},"25":{"start":{"line":108,"column":8},"end":{"line":108,"column":21}},"26":{"start":{"line":112,"column":8},"end":{"line":112,"column":21}},"27":{"start":{"line":116,"column":8},"end":{"line":116,"column":38}},"28":{"start":{"line":116,"column":38},"end":{"line":116,"column":39}},"29":{"start":{"line":120,"column":8},"end":{"line":120,"column":15}},"30":{"start":{"line":136,"column":8},"end":{"line":138,"column":9}},"31":{"start":{"line":137,"column":12},"end":{"line":137,"column":17}},"32":{"start":{"line":151,"column":8},"end":{"line":151,"column":13}},"33":{"start":{"line":155,"column":14},"end":{"line":155,"column":20}},"34":{"start":{"line":157,"column":8},"end":{"line":163,"column":9}},"35":{"start":{"line":158,"column":12},"end":{"line":158,"column":29}},"36":{"start":{"line":159,"column":12},"end":{"line":159,"column":28}},"37":{"start":{"line":160,"column":12},"end":{"line":160,"column":28}},"38":{"start":{"line":162,"column":12},"end":{"line":162,"column":17}},"39":{"start":{"line":167,"column":14},"end":{"line":167,"column":20}},"40":{"start":{"line":169,"column":8},"end":{"line":175,"column":9}},"41":{"start":{"line":170,"column":18},"end":{"line":170,"column":25}},"42":{"start":{"line":171,"column":12},"end":{"line":171,"column":37}},"43":{"start":{"line":172,"column":12},"end":{"line":172,"column":41}},"44":{"start":{"line":172,"column":41},"end":{"line":172,"column":42}},"45":{"start":{"line":174,"column":12},"end":{"line":174,"column":17}},"46":{"start":{"line":179,"column":14},"end":{"line":179,"column":20}},"47":{"start":{"line":181,"column":8},"end":{"line":183,"column":9}},"48":{"start":{"line":182,"column":12},"end":{"line":182,"column":17}},"49":{"start":{"line":187,"column":14},"end":{"line":187,"column":20}},"50":{"start":{"line":189,"column":8},"end":{"line":191,"column":9}},"51":{"start":{"line":190,"column":12},"end":{"line":190,"column":17}},"52":{"start":{"line":195,"column":14},"end":{"line":195,"column":28}},"53":{"start":{"line":197,"column":8},"end":{"line":197,"column":41}},"54":{"start":{"line":201,"column":8},"end":{"line":201,"column":13}},"55":{"start":{"line":203,"column":14},"end":{"line":203,"column":28}},"56":{"start":{"line":206,"column":14},"end":{"line":206,"column":54}},"57":{"start":{"line":206,"column":14},"end":{"line":206,"column":42}},"58":{"start":{"line":207,"column":8},"end":{"line":209,"column":9}},"59":{"start":{"line":208,"column":12},"end":{"line":208,"column":38}},"60":{"start":{"line":208,"column":38},"end":{"line":208,"column":38}},"61":{"start":{"line":211,"column":8},"end":{"line":214,"column":9}},"62":{"start":{"line":212,"column":12},"end":{"line":212,"column":26}},"63":{"start":{"line":213,"column":12},"end":{"line":213,"column":44}},"64":{"start":{"line":217,"column":14},"end":{"line":217,"column":39}},"65":{"start":{"line":217,"column":14},"end":{"line":217,"column":25}},"66":{"start":{"line":217,"column":26},"end":{"line":217,"column":38}},"67":{"start":{"line":218,"column":14},"end":{"line":218,"column":55}},"68":{"start":{"line":220,"column":8},"end":{"line":225,"column":9}},"69":{"start":{"line":221,"column":18},"end":{"line":221,"column":24}},"70":{"start":{"line":222,"column":12},"end":{"line":222,"column":38}},"71":{"start":{"line":222,"column":38},"end":{"line":222,"column":39}},"72":{"start":{"line":224,"column":12},"end":{"line":224,"column":38}},"73":{"start":{"line":224,"column":38},"end":{"line":224,"column":39}},"74":{"start":{"line":227,"column":8},"end":{"line":227,"column":13}},"75":{"start":{"line":228,"column":8},"end":{"line":228,"column":19}},"76":{"start":{"line":232,"column":14},"end":{"line":232,"column":28}},"77":{"start":{"line":234,"column":14},"end":{"line":234,"column":18}},"78":{"start":{"line":235,"column":8},"end":{"line":235,"column":34}},"79":{"start":{"line":235,"column":34},"end":{"line":235,"column":35}},"80":{"start":{"line":239,"column":8},"end":{"line":239,"column":19}},"81":{"start":{"line":241,"column":8},"end":{"line":243,"column":9}},"82":{"start":{"line":242,"column":12},"end":{"line":null,"column":-1}},"83":{"start":{"line":245,"column":14},"end":{"line":245,"column":21}},"84":{"start":{"line":246,"column":14},"end":{"line":246,"column":21}},"85":{"start":{"line":247,"column":8},"end":{"line":249,"column":9}},"86":{"start":{"line":248,"column":12},"end":{"line":null,"column":-1}},"87":{"start":{"line":251,"column":14},"end":{"line":251,"column":27}},"88":{"start":{"line":252,"column":8},"end":{"line":252,"column":59}},"89":{"start":{"line":253,"column":8},"end":{"line":253,"column":59}},"90":{"start":{"line":254,"column":8},"end":{"line":254,"column":59}},"91":{"start":{"line":257,"column":8},"end":{"line":271,"column":9}},"92":{"start":{"line":263,"column":13},"end":{"line":271,"column":9}},"93":{"start":{"line":270,"column":12},"end":{"line":null,"column":-1}},"94":{"start":{"line":273,"column":8},"end":{"line":273,"column":90}},"95":{"start":{"line":273,"column":90},"end":{"line":273,"column":94}},"96":{"start":{"line":274,"column":8},"end":{"line":274,"column":90}},"97":{"start":{"line":274,"column":90},"end":{"line":274,"column":94}},"98":{"start":{"line":275,"column":8},"end":{"line":275,"column":88}},"99":{"start":{"line":275,"column":88},"end":{"line":275,"column":92}},"100":{"start":{"line":276,"column":8},"end":{"line":276,"column":89}},"101":{"start":{"line":276,"column":89},"end":{"line":276,"column":93}},"102":{"start":{"line":277,"column":8},"end":{"line":277,"column":92}},"103":{"start":{"line":277,"column":92},"end":{"line":277,"column":96}},"104":{"start":{"line":279,"column":8},"end":{"line":279,"column":24}},"105":{"start":{"line":280,"column":8},"end":{"line":280,"column":24}},"106":{"start":{"line":282,"column":8},"end":{"line":282,"column":26}},"107":{"start":{"line":283,"column":8},"end":{"line":283,"column":20}},"108":{"start":{"line":287,"column":8},"end":{"line":289,"column":9}},"109":{"start":{"line":288,"column":12},"end":{"line":null,"column":-1}},"110":{"start":{"line":292,"column":8},"end":{"line":306,"column":9}},"111":{"start":{"line":298,"column":13},"end":{"line":306,"column":9}},"112":{"start":{"line":305,"column":12},"end":{"line":null,"column":-1}},"113":{"start":{"line":308,"column":8},"end":{"line":308,"column":37}},"114":{"start":{"line":312,"column":14},"end":{"line":312,"column":48}},"115":{"start":{"line":314,"column":14},"end":{"line":314,"column":29}},"116":{"start":{"line":315,"column":14},"end":{"line":315,"column":29}},"117":{"start":{"line":317,"column":8},"end":{"line":319,"column":9}},"118":{"start":{"line":318,"column":12},"end":{"line":null,"column":-1}},"119":{"start":{"line":321,"column":12},"end":{"line":321,"column":29}},"120":{"start":{"line":322,"column":12},"end":{"line":322,"column":29}},"121":{"start":{"line":324,"column":8},"end":{"line":333,"column":9}},"122":{"start":{"line":325,"column":12},"end":{"line":324,"column":47}},"123":{"start":{"line":326,"column":12},"end":{"line":326,"column":61}},"124":{"start":{"line":327,"column":15},"end":{"line":333,"column":9}},"125":{"start":{"line":328,"column":12},"end":{"line":328,"column":35}},"126":{"start":{"line":329,"column":12},"end":{"line":329,"column":61}},"127":{"start":{"line":331,"column":12},"end":{"line":331,"column":53}},"128":{"start":{"line":332,"column":12},"end":{"line":332,"column":81}},"129":{"start":{"line":335,"column":8},"end":{"line":335,"column":21}},"130":{"start":{"line":336,"column":8},"end":{"line":336,"column":21}},"131":{"start":{"line":338,"column":8},"end":{"line":338,"column":13}},"132":{"start":{"line":339,"column":8},"end":{"line":339,"column":20}},"133":{"start":{"line":343,"column":8},"end":{"line":345,"column":9}},"134":{"start":{"line":344,"column":12},"end":{"line":null,"column":-1}},"135":{"start":{"line":347,"column":8},"end":{"line":347,"column":32}},"136":{"start":{"line":347,"column":32},"end":{"line":347,"column":33}},"137":{"start":{"line":349,"column":8},"end":{"line":354,"column":9}},"138":{"start":{"line":350,"column":18},"end":{"line":350,"column":23}},"139":{"start":{"line":351,"column":12},"end":{"line":353,"column":13}},"140":{"start":{"line":352,"column":16},"end":{"line":null,"column":-1}},"141":{"start":{"line":356,"column":8},"end":{"line":356,"column":29}},"142":{"start":{"line":357,"column":8},"end":{"line":357,"column":25}},"143":{"start":{"line":358,"column":8},"end":{"line":358,"column":25}},"144":{"start":{"line":360,"column":8},"end":{"line":360,"column":26}},"145":{"start":{"line":361,"column":8},"end":{"line":361,"column":20}},"146":{"start":{"line":365,"column":14},"end":{"line":365,"column":35}},"147":{"start":{"line":369,"column":16},"end":{"line":369,"column":43}},"148":{"start":{"line":372,"column":16},"end":{"line":372,"column":46}},"149":{"start":{"line":375,"column":16},"end":{"line":375,"column":41}},"150":{"start":{"line":378,"column":16},"end":{"line":378,"column":62}},"151":{"start":{"line":383,"column":8},"end":{"line":383,"column":13}},"152":{"start":{"line":81,"column":13},"end":{"line":81,"column":46}},"153":{"start":{"line":82,"column":13},"end":{"line":82,"column":27}},"154":{"start":{"line":83,"column":13},"end":{"line":83,"column":28}},"155":{"start":{"line":84,"column":13},"end":{"line":84,"column":37}},"156":{"start":{"line":85,"column":13},"end":{"line":85,"column":39}},"157":{"start":{"line":86,"column":13},"end":{"line":86,"column":48}},"158":{"start":{"line":88,"column":14},"end":{"line":88,"column":65}},"159":{"start":{"line":89,"column":14},"end":{"line":89,"column":68}},"160":{"start":{"line":90,"column":14},"end":{"line":90,"column":63}},"161":{"start":{"line":92,"column":14},"end":{"line":92,"column":103}},"162":{"start":{"line":94,"column":35},"end":{"line":96,"column":5}},"163":{"start":{"line":98,"column":41},"end":{"line":100,"column":5}},"164":{"start":{"line":102,"column":39},"end":{"line":105,"column":5}},"165":{"start":{"line":107,"column":32},"end":{"line":109,"column":5}},"166":{"start":{"line":111,"column":33},"end":{"line":113,"column":5}},"167":{"start":{"line":80,"column":13},"end":{"line":null,"column":-1}},"168":{"start":{"line":80,"column":13},"end":{"line":80,"column":27}}},"fnMap":{"0":{"name":"(anonymous_2)","decl":{"start":{"line":131,"column":4},"end":{"line":131,"column":23}},"loc":{"start":{"line":133,"column":24},"end":{"line":133,"column":46}}},"1":{"name":"(anonymous_3)","decl":{"start":{"line":94,"column":35},"end":{"line":94,"column":38}},"loc":{"start":{"line":94,"column":39},"end":{"line":96,"column":5}}},"2":{"name":"(anonymous_4)","decl":{"start":{"line":98,"column":41},"end":{"line":98,"column":44}},"loc":{"start":{"line":98,"column":45},"end":{"line":100,"column":5}}},"3":{"name":"(anonymous_5)","decl":{"start":{"line":102,"column":39},"end":{"line":102,"column":42}},"loc":{"start":{"line":102,"column":43},"end":{"line":105,"column":5}}},"4":{"name":"(anonymous_6)","decl":{"start":{"line":107,"column":32},"end":{"line":107,"column":35}},"loc":{"start":{"line":107,"column":36},"end":{"line":109,"column":5}}},"5":{"name":"(anonymous_7)","decl":{"start":{"line":111,"column":33},"end":{"line":111,"column":36}},"loc":{"start":{"line":111,"column":37},"end":{"line":113,"column":5}}},"6":{"name":"(anonymous_8)","decl":{"start":{"line":115,"column":4},"end":{"line":115,"column":15}},"loc":{"start":{"line":115,"column":16},"end":{"line":117,"column":5}}},"7":{"name":"(anonymous_9)","decl":{"start":{"line":116,"column":33},"end":{"line":116,"column":37}},"loc":{"start":{"line":116,"column":38},"end":{"line":116,"column":39}}},"8":{"name":"(anonymous_10)","decl":{"start":{"line":119,"column":4},"end":{"line":119,"column":15}},"loc":{"start":{"line":119,"column":16},"end":{"line":121,"column":5}}},"9":{"name":"(anonymous_11)","decl":{"start":{"line":135,"column":11},"end":{"line":135,"column":22}},"loc":{"start":{"line":135,"column":23},"end":{"line":139,"column":5}}},"10":{"name":"(anonymous_12)","decl":{"start":{"line":141,"column":11},"end":{"line":141,"column":18}},"loc":{"start":{"line":141,"column":101},"end":{"line":152,"column":5}}},"11":{"name":"(anonymous_13)","decl":{"start":{"line":154,"column":11},"end":{"line":154,"column":21}},"loc":{"start":{"line":154,"column":104},"end":{"line":164,"column":5}}},"12":{"name":"(anonymous_14)","decl":{"start":{"line":155,"column":14},"end":{"line":155,"column":20}},"loc":{"start":{"line":155,"column":14},"end":{"line":155,"column":20}}},"13":{"name":"(anonymous_15)","decl":{"start":{"line":166,"column":11},"end":{"line":166,"column":21}},"loc":{"start":{"line":166,"column":22},"end":{"line":176,"column":5}}},"14":{"name":"(anonymous_16)","decl":{"start":{"line":167,"column":14},"end":{"line":167,"column":20}},"loc":{"start":{"line":167,"column":14},"end":{"line":167,"column":20}}},"15":{"name":"(anonymous_17)","decl":{"start":{"line":172,"column":31},"end":{"line":172,"column":32}},"loc":{"start":{"line":172,"column":41},"end":{"line":172,"column":42}}},"16":{"name":"(anonymous_18)","decl":{"start":{"line":178,"column":11},"end":{"line":178,"column":19}},"loc":{"start":{"line":178,"column":20},"end":{"line":184,"column":5}}},"17":{"name":"(anonymous_19)","decl":{"start":{"line":179,"column":14},"end":{"line":179,"column":20}},"loc":{"start":{"line":179,"column":14},"end":{"line":179,"column":20}}},"18":{"name":"(anonymous_20)","decl":{"start":{"line":186,"column":11},"end":{"line":186,"column":19}},"loc":{"start":{"line":186,"column":20},"end":{"line":192,"column":5}}},"19":{"name":"(anonymous_21)","decl":{"start":{"line":187,"column":14},"end":{"line":187,"column":20}},"loc":{"start":{"line":187,"column":14},"end":{"line":187,"column":20}}},"20":{"name":"(anonymous_22)","decl":{"start":{"line":194,"column":11},"end":{"line":194,"column":28}},"loc":{"start":{"line":194,"column":29},"end":{"line":198,"column":5}}},"21":{"name":"(anonymous_23)","decl":{"start":{"line":200,"column":12},"end":{"line":null,"column":-1}},"loc":{"start":{"line":200,"column":12},"end":{"line":229,"column":5}}},"22":{"name":"(anonymous_24)","decl":{"start":{"line":206,"column":14},"end":{"line":206,"column":30}},"loc":{"start":{"line":206,"column":14},"end":{"line":206,"column":42}}},"23":{"name":"(anonymous_25)","decl":{"start":{"line":208,"column":28},"end":{"line":208,"column":29}},"loc":{"start":{"line":208,"column":38},"end":{"line":208,"column":38}}},"24":{"name":"(anonymous_26)","decl":{"start":{"line":211,"column":27},"end":{"line":211,"column":28}},"loc":{"start":{"line":211,"column":31},"end":{"line":214,"column":9}}},"25":{"name":"(anonymous_27)","decl":{"start":{"line":217,"column":14},"end":{"line":217,"column":25}},"loc":{"start":{"line":217,"column":14},"end":{"line":217,"column":25}}},"26":{"name":"(anonymous_29)","decl":{"start":{"line":218,"column":14},"end":{"line":218,"column":29}},"loc":{"start":{"line":218,"column":14},"end":{"line":218,"column":55}}},"27":{"name":"(anonymous_30)","decl":{"start":{"line":222,"column":33},"end":{"line":222,"column":37}},"loc":{"start":{"line":222,"column":38},"end":{"line":222,"column":39}}},"28":{"name":"(anonymous_31)","decl":{"start":{"line":224,"column":33},"end":{"line":224,"column":37}},"loc":{"start":{"line":224,"column":38},"end":{"line":224,"column":39}}},"29":{"name":"(anonymous_32)","decl":{"start":{"line":231,"column":12},"end":{"line":null,"column":-1}},"loc":{"start":{"line":231,"column":12},"end":{"line":236,"column":5}}},"30":{"name":"(anonymous_33)","decl":{"start":{"line":235,"column":29},"end":{"line":235,"column":33}},"loc":{"start":{"line":235,"column":34},"end":{"line":235,"column":35}}},"31":{"name":"(anonymous_34)","decl":{"start":{"line":238,"column":11},"end":{"line":238,"column":24}},"loc":{"start":{"line":238,"column":62},"end":{"line":284,"column":5}}},"32":{"name":"(anonymous_35)","decl":{"start":{"line":245,"column":14},"end":{"line":245,"column":21}},"loc":{"start":{"line":245,"column":14},"end":{"line":245,"column":21}}},"33":{"name":"(anonymous_36)","decl":{"start":{"line":246,"column":14},"end":{"line":246,"column":21}},"loc":{"start":{"line":246,"column":14},"end":{"line":246,"column":21}}},"34":{"name":"(anonymous_37)","decl":{"start":{"line":273,"column":85},"end":{"line":273,"column":89}},"loc":{"start":{"line":273,"column":90},"end":{"line":273,"column":94}}},"35":{"name":"(anonymous_38)","decl":{"start":{"line":274,"column":85},"end":{"line":274,"column":89}},"loc":{"start":{"line":274,"column":90},"end":{"line":274,"column":94}}},"36":{"name":"(anonymous_39)","decl":{"start":{"line":275,"column":83},"end":{"line":275,"column":87}},"loc":{"start":{"line":275,"column":88},"end":{"line":275,"column":92}}},"37":{"name":"(anonymous_40)","decl":{"start":{"line":276,"column":84},"end":{"line":276,"column":88}},"loc":{"start":{"line":276,"column":89},"end":{"line":276,"column":93}}},"38":{"name":"(anonymous_41)","decl":{"start":{"line":277,"column":87},"end":{"line":277,"column":91}},"loc":{"start":{"line":277,"column":92},"end":{"line":277,"column":96}}},"39":{"name":"(anonymous_42)","decl":{"start":{"line":286,"column":12},"end":{"line":286,"column":21}},"loc":{"start":{"line":286,"column":86},"end":{"line":309,"column":5}}},"40":{"name":"(anonymous_43)","decl":{"start":{"line":311,"column":12},"end":{"line":311,"column":16}},"loc":{"start":{"line":311,"column":61},"end":{"line":340,"column":5}}},"41":{"name":"(anonymous_44)","decl":{"start":{"line":342,"column":12},"end":{"line":null,"column":-1}},"loc":{"start":{"line":342,"column":12},"end":{"line":362,"column":5}}},"42":{"name":"(anonymous_45)","decl":{"start":{"line":347,"column":27},"end":{"line":347,"column":31}},"loc":{"start":{"line":347,"column":32},"end":{"line":347,"column":33}}},"43":{"name":"(anonymous_46)","decl":{"start":{"line":364,"column":4},"end":{"line":364,"column":10}},"loc":{"start":{"line":364,"column":11},"end":{"line":380,"column":5}}},"44":{"name":"(anonymous_47)","decl":{"start":{"line":365,"column":14},"end":{"line":365,"column":35}},"loc":{"start":{"line":365,"column":14},"end":{"line":365,"column":35}}},"45":{"name":"(anonymous_48)","decl":{"start":{"line":382,"column":11},"end":{"line":null,"column":-1}},"loc":{"start":{"line":382,"column":11},"end":{"line":384,"column":5}}}},"branchMap":{"0":{"loc":{"start":{"line":99,"column":34},"end":{"line":99,"column":48}},"type":"cond-expr","locations":[{"start":{"line":99,"column":34},"end":{"line":99,"column":48}},{"start":{"line":99,"column":34},"end":{"line":99,"column":48}}]},"1":{"loc":{"start":{"line":104,"column":15},"end":{"line":104,"column":15}},"type":"binary-expr","locations":[{"start":{"line":104,"column":15},"end":{"line":104,"column":15}},{"start":{"line":104,"column":15},"end":{"line":104,"column":15}}]},"2":{"loc":{"start":{"line":108,"column":16},"end":{"line":108,"column":21}},"type":"cond-expr","locations":[{"start":{"line":108,"column":16},"end":{"line":108,"column":21}},{"start":{"line":108,"column":21},"end":{"line":108,"column":29}}]},"3":{"loc":{"start":{"line":108,"column":16},"end":{"line":108,"column":20}},"type":"binary-expr","locations":[{"start":{"line":108,"column":16},"end":{"line":108,"column":20}},{"start":{"line":108,"column":16},"end":{"line":108,"column":20}},{"start":{"line":108,"column":16},"end":{"line":108,"column":20}}]},"4":{"loc":{"start":{"line":112,"column":16},"end":{"line":112,"column":21}},"type":"cond-expr","locations":[{"start":{"line":112,"column":16},"end":{"line":112,"column":21}},{"start":{"line":112,"column":21},"end":{"line":112,"column":30}}]},"5":{"loc":{"start":{"line":112,"column":16},"end":{"line":112,"column":20}},"type":"binary-expr","locations":[{"start":{"line":112,"column":16},"end":{"line":112,"column":20}},{"start":{"line":112,"column":16},"end":{"line":112,"column":20}},{"start":{"line":112,"column":16},"end":{"line":112,"column":20}}]},"6":{"loc":{"start":{"line":120,"column":15},"end":{"line":120,"column":47}},"type":"cond-expr","locations":[{"start":{"line":120,"column":15},"end":{"line":120,"column":47}},{"start":{"line":120,"column":15},"end":{"line":120,"column":47}}]},"7":{"loc":{"start":{"line":136,"column":8},"end":{"line":138,"column":9}},"type":"if","locations":[{"start":{"line":136,"column":8},"end":{"line":138,"column":9}},{"start":{"line":136,"column":8},"end":{"line":138,"column":9}}]},"8":{"loc":{"start":{"line":136,"column":11},"end":{"line":136,"column":18}},"type":"binary-expr","locations":[{"start":{"line":136,"column":11},"end":{"line":136,"column":18}},{"start":{"line":136,"column":11},"end":{"line":136,"column":18}}]},"9":{"loc":{"start":{"line":157,"column":8},"end":{"line":163,"column":9}},"type":"if","locations":[{"start":{"line":157,"column":8},"end":{"line":163,"column":9}},{"start":{"line":157,"column":8},"end":{"line":163,"column":9}}]},"10":{"loc":{"start":{"line":169,"column":8},"end":{"line":175,"column":9}},"type":"if","locations":[{"start":{"line":169,"column":8},"end":{"line":175,"column":9}},{"start":{"line":169,"column":8},"end":{"line":175,"column":9}}]},"11":{"loc":{"start":{"line":181,"column":8},"end":{"line":183,"column":9}},"type":"if","locations":[{"start":{"line":181,"column":8},"end":{"line":183,"column":9}},{"start":{"line":181,"column":8},"end":{"line":183,"column":9}}]},"12":{"loc":{"start":{"line":189,"column":8},"end":{"line":191,"column":9}},"type":"if","locations":[{"start":{"line":189,"column":8},"end":{"line":191,"column":9}},{"start":{"line":189,"column":8},"end":{"line":191,"column":9}}]},"13":{"loc":{"start":{"line":197,"column":37},"end":{"line":197,"column":40}},"type":"cond-expr","locations":[{"start":{"line":197,"column":37},"end":{"line":197,"column":40}},{"start":{"line":197,"column":37},"end":{"line":197,"column":41}}]},"14":{"loc":{"start":{"line":206,"column":14},"end":{"line":206,"column":30}},"type":"binary-expr","locations":[{"start":{"line":206,"column":14},"end":{"line":206,"column":30}},{"start":{"line":206,"column":14},"end":{"line":206,"column":42}}]},"15":{"loc":{"start":{"line":207,"column":8},"end":{"line":209,"column":9}},"type":"if","locations":[{"start":{"line":207,"column":8},"end":{"line":209,"column":9}},{"start":{"line":207,"column":8},"end":{"line":209,"column":9}}]},"16":{"loc":{"start":{"line":218,"column":14},"end":{"line":218,"column":29}},"type":"binary-expr","locations":[{"start":{"line":218,"column":14},"end":{"line":218,"column":29}},{"start":{"line":218,"column":14},"end":{"line":218,"column":43}},{"start":{"line":218,"column":43},"end":{"line":218,"column":55}}]},"17":{"loc":{"start":{"line":220,"column":8},"end":{"line":225,"column":9}},"type":"if","locations":[{"start":{"line":220,"column":8},"end":{"line":225,"column":9}},{"start":{"line":220,"column":8},"end":{"line":225,"column":9}}]},"18":{"loc":{"start":{"line":220,"column":11},"end":{"line":220,"column":22}},"type":"binary-expr","locations":[{"start":{"line":220,"column":11},"end":{"line":220,"column":22}},{"start":{"line":220,"column":11},"end":{"line":220,"column":22}},{"start":{"line":220,"column":11},"end":{"line":220,"column":23}}]},"19":{"loc":{"start":{"line":241,"column":8},"end":{"line":243,"column":9}},"type":"if","locations":[{"start":{"line":241,"column":8},"end":{"line":243,"column":9}},{"start":{"line":241,"column":8},"end":{"line":243,"column":9}}]},"20":{"loc":{"start":{"line":247,"column":8},"end":{"line":249,"column":9}},"type":"if","locations":[{"start":{"line":247,"column":8},"end":{"line":249,"column":9}},{"start":{"line":247,"column":8},"end":{"line":249,"column":9}}]},"21":{"loc":{"start":{"line":247,"column":11},"end":{"line":247,"column":11}},"type":"binary-expr","locations":[{"start":{"line":247,"column":11},"end":{"line":247,"column":11}},{"start":{"line":247,"column":11},"end":{"line":247,"column":11}}]},"22":{"loc":{"start":{"line":251,"column":14},"end":{"line":251,"column":21}},"type":"cond-expr","locations":[{"start":{"line":251,"column":14},"end":{"line":251,"column":21}},{"start":{"line":251,"column":22},"end":{"line":251,"column":27}}]},"23":{"loc":{"start":{"line":257,"column":8},"end":{"line":271,"column":9}},"type":"if","locations":[{"start":{"line":257,"column":8},"end":{"line":271,"column":9}},{"start":{"line":257,"column":8},"end":{"line":271,"column":9}}]},"24":{"loc":{"start":{"line":263,"column":13},"end":{"line":271,"column":9}},"type":"if","locations":[{"start":{"line":263,"column":13},"end":{"line":271,"column":9}},{"start":{"line":263,"column":13},"end":{"line":271,"column":9}}]},"25":{"loc":{"start":{"line":287,"column":8},"end":{"line":289,"column":9}},"type":"if","locations":[{"start":{"line":287,"column":8},"end":{"line":289,"column":9}},{"start":{"line":287,"column":8},"end":{"line":289,"column":9}}]},"26":{"loc":{"start":{"line":292,"column":8},"end":{"line":306,"column":9}},"type":"if","locations":[{"start":{"line":292,"column":8},"end":{"line":306,"column":9}},{"start":{"line":292,"column":8},"end":{"line":306,"column":9}}]},"27":{"loc":{"start":{"line":298,"column":13},"end":{"line":306,"column":9}},"type":"if","locations":[{"start":{"line":298,"column":13},"end":{"line":306,"column":9}},{"start":{"line":298,"column":13},"end":{"line":306,"column":9}}]},"28":{"loc":{"start":{"line":312,"column":14},"end":{"line":312,"column":29}},"type":"cond-expr","locations":[{"start":{"line":312,"column":14},"end":{"line":312,"column":29}},{"start":{"line":312,"column":34},"end":{"line":312,"column":48}}]},"29":{"loc":{"start":{"line":317,"column":8},"end":{"line":319,"column":9}},"type":"if","locations":[{"start":{"line":317,"column":8},"end":{"line":319,"column":9}},{"start":{"line":317,"column":8},"end":{"line":319,"column":9}}]},"30":{"loc":{"start":{"line":317,"column":11},"end":{"line":317,"column":27}},"type":"binary-expr","locations":[{"start":{"line":317,"column":11},"end":{"line":317,"column":27}},{"start":{"line":317,"column":11},"end":{"line":317,"column":27}}]},"31":{"loc":{"start":{"line":324,"column":8},"end":{"line":333,"column":9}},"type":"if","locations":[{"start":{"line":324,"column":8},"end":{"line":333,"column":9}},{"start":{"line":324,"column":8},"end":{"line":333,"column":9}}]},"32":{"loc":{"start":{"line":327,"column":15},"end":{"line":333,"column":9}},"type":"if","locations":[{"start":{"line":327,"column":15},"end":{"line":333,"column":9}},{"start":{"line":327,"column":15},"end":{"line":333,"column":9}}]},"33":{"loc":{"start":{"line":343,"column":8},"end":{"line":345,"column":9}},"type":"if","locations":[{"start":{"line":343,"column":8},"end":{"line":345,"column":9}},{"start":{"line":343,"column":8},"end":{"line":345,"column":9}}]},"34":{"loc":{"start":{"line":351,"column":12},"end":{"line":353,"column":13}},"type":"if","locations":[{"start":{"line":351,"column":12},"end":{"line":353,"column":13}},{"start":{"line":351,"column":12},"end":{"line":353,"column":13}}]},"35":{"loc":{"start":{"line":368,"column":12},"end":{"line":369,"column":43}},"type":"switch","locations":[{"start":{"line":368,"column":12},"end":{"line":369,"column":43}},{"start":{"line":371,"column":12},"end":{"line":372,"column":46}},{"start":{"line":374,"column":12},"end":{"line":375,"column":41}},{"start":{"line":377,"column":12},"end":{"line":378,"column":62}}]},"36":{"loc":{"start":{"line":131,"column":48},"end":{"line":131,"column":30}},"type":"binary-expr","locations":[{"start":{"line":131,"column":48},"end":{"line":131,"column":30}},{"start":{"line":131,"column":48},"end":{"line":131,"column":31}}]},"37":{"loc":{"start":{"line":131,"column":48},"end":{"line":131,"column":30}},"type":"binary-expr","locations":[{"start":{"line":131,"column":48},"end":{"line":131,"column":30}},{"start":{"line":131,"column":48},"end":{"line":131,"column":30}}]},"38":{"loc":{"start":{"line":131,"column":48},"end":{"line":132,"column":35}},"type":"binary-expr","locations":[{"start":{"line":131,"column":48},"end":{"line":132,"column":35}},{"start":{"line":131,"column":48},"end":{"line":132,"column":35}},{"start":{"line":131,"column":48},"end":{"line":132,"column":35}}]},"39":{"loc":{"start":{"line":131,"column":48},"end":{"line":132,"column":35}},"type":"binary-expr","locations":[{"start":{"line":131,"column":48},"end":{"line":132,"column":35}},{"start":{"line":131,"column":48},"end":{"line":132,"column":35}}]}},"s":{"0":1,"1":1,"2":1,"3":2,"4":2,"5":2,"6":2,"7":2,"8":2,"9":2,"10":2,"11":2,"12":2,"13":2,"14":2,"15":2,"16":2,"17":2,"18":2,"19":2,"20":2,"21":2,"22":0,"23":0,"24":0,"25":0,"26":0,"27":2,"28":2,"29":0,"30":0,"31":0,"32":2,"33":0,"34":0,"35":0,"36":0,"37":0,"38":0,"39":0,"40":0,"41":0,"42":0,"43":0,"44":0,"45":0,"46":0,"47":0,"48":0,"49":0,"50":0,"51":0,"52":0,"53":0,"54":2,"55":2,"56":0,"57":0,"58":0,"59":0,"60":0,"61":0,"62":0,"63":0,"64":0,"65":0,"66":0,"67":0,"68":0,"69":0,"70":0,"71":0,"72":0,"73":0,"74":0,"75":0,"76":0,"77":0,"78":0,"79":0,"80":0,"81":0,"82":0,"83":0,"84":0,"85":0,"86":0,"87":0,"88":0,"89":0,"90":0,"91":0,"92":0,"93":0,"94":0,"95":0,"96":0,"97":0,"98":0,"99":0,"100":0,"101":0,"102":0,"103":0,"104":0,"105":0,"106":0,"107":0,"108":0,"109":0,"110":0,"111":0,"112":0,"113":0,"114":0,"115":0,"116":0,"117":0,"118":0,"119":0,"120":0,"121":0,"122":0,"123":0,"124":0,"125":0,"126":0,"127":0,"128":0,"129":0,"130":0,"131":0,"132":0,"133":3,"134":3,"135":0,"136":0,"137":0,"138":0,"139":0,"140":0,"141":0,"142":0,"143":0,"144":0,"145":0,"146":0,"147":0,"148":0,"149":0,"150":0,"151":1,"152":1,"153":1,"154":1,"155":1,"156":1,"157":1,"158":1,"159":1,"160":1,"161":1,"162":1,"163":1,"164":1,"165":1,"166":1,"167":1,"168":1},"f":{"0":2,"1":0,"2":0,"3":0,"4":0,"5":0,"6":2,"7":2,"8":0,"9":0,"10":2,"11":0,"12":0,"13":0,"14":0,"15":0,"16":0,"17":0,"18":0,"19":0,"20":0,"21":2,"22":0,"23":0,"24":0,"25":0,"26":0,"27":0,"28":0,"29":0,"30":0,"31":0,"32":0,"33":0,"34":0,"35":0,"36":0,"37":0,"38":0,"39":0,"40":0,"41":3,"42":0,"43":0,"44":0,"45":1},"b":{"0":[0,0],"1":[0,0],"2":[0,0],"3":[0,0,0],"4":[0,0],"5":[0,0,0],"6":[0,0],"7":[0,0],"8":[0,0],"9":[0,0],"10":[0,0],"11":[0,0],"12":[0,0],"13":[0,0],"14":[0,0],"15":[0,0],"16":[0,0,0],"17":[0,0],"18":[0,0,0],"19":[0,0],"20":[0,0],"21":[0,0],"22":[0,0],"23":[0,0],"24":[0,0],"25":[0,0],"26":[0,0],"27":[0,0],"28":[0,0],"29":[0,0],"30":[0,0],"31":[0,0],"32":[0,0],"33":[3,0],"34":[0,0],"35":[0,0,0,0],"36":[1,0],"37":[1,1],"38":[1,1,0],"39":[1,1]}}
,"C:\\WWW\\yo-split\\src\\splitArea.directive.ts": {"path":"C:\\WWW\\yo-split\\src\\splitArea.directive.ts","statementMap":{"0":{"start":{"line":1,"column":0},"end":{"line":1,"column":89}},"1":{"start":{"line":2,"column":0},"end":{"line":2,"column":48}},"2":{"start":{"line":58,"column":24},"end":{"line":null,"column":-1}},"3":{"start":{"line":59,"column":16},"end":{"line":null,"column":-1}},"4":{"start":{"line":60,"column":16},"end":{"line":null,"column":-1}},"5":{"start":{"line":19,"column":12},"end":{"line":19,"column":36}},"6":{"start":{"line":25,"column":12},"end":{"line":25,"column":35}},"7":{"start":{"line":31,"column":12},"end":{"line":31,"column":36}},"8":{"start":{"line":37,"column":12},"end":{"line":37,"column":32}},"9":{"start":{"line":54,"column":4},"end":{"line":54,"column":25}},"10":{"start":{"line":56,"column":4},"end":{"line":56,"column":37}},"11":{"start":{"line":21,"column":8},"end":{"line":21,"column":29}},"12":{"start":{"line":22,"column":8},"end":{"line":22,"column":66}},"13":{"start":{"line":27,"column":8},"end":{"line":27,"column":28}},"14":{"start":{"line":28,"column":8},"end":{"line":28,"column":66}},"15":{"start":{"line":33,"column":8},"end":{"line":33,"column":30}},"16":{"start":{"line":34,"column":8},"end":{"line":34,"column":66}},"17":{"start":{"line":39,"column":8},"end":{"line":39,"column":26}},"18":{"start":{"line":40,"column":8},"end":{"line":40,"column":24}},"19":{"start":{"line":42,"column":8},"end":{"line":47,"column":9}},"20":{"start":{"line":43,"column":12},"end":{"line":43,"column":32}},"21":{"start":{"line":46,"column":12},"end":{"line":46,"column":32}},"22":{"start":{"line":51,"column":8},"end":{"line":51,"column":20}},"23":{"start":{"line":63,"column":8},"end":{"line":63,"column":63}},"24":{"start":{"line":67,"column":8},"end":{"line":67,"column":105}},"25":{"start":{"line":67,"column":105},"end":{"line":67,"column":109}},"26":{"start":{"line":68,"column":8},"end":{"line":68,"column":103}},"27":{"start":{"line":68,"column":103},"end":{"line":68,"column":107}},"28":{"start":{"line":72,"column":8},"end":{"line":77,"column":9}},"29":{"start":{"line":73,"column":18},"end":{"line":73,"column":23}},"30":{"start":{"line":74,"column":12},"end":{"line":76,"column":13}},"31":{"start":{"line":75,"column":16},"end":{"line":null,"column":-1}},"32":{"start":{"line":81,"column":8},"end":{"line":81,"column":74}},"33":{"start":{"line":85,"column":8},"end":{"line":85,"column":30}},"34":{"start":{"line":90,"column":8},"end":{"line":91,"column":12}},"35":{"start":{"line":91,"column":12},"end":{"line":91,"column":16}},"36":{"start":{"line":20,"column":13},"end":{"line":23,"column":5}},"37":{"start":{"line":26,"column":13},"end":{"line":29,"column":5}},"38":{"start":{"line":32,"column":13},"end":{"line":35,"column":5}},"39":{"start":{"line":38,"column":13},"end":{"line":48,"column":5}},"40":{"start":{"line":17,"column":13},"end":{"line":null,"column":-1}},"41":{"start":{"line":17,"column":13},"end":{"line":17,"column":31}}},"fnMap":{"0":{"name":"(anonymous_2)","decl":{"start":{"line":58,"column":4},"end":{"line":58,"column":23}},"loc":{"start":{"line":60,"column":16},"end":{"line":60,"column":41}}},"1":{"name":"(anonymous_3)","decl":{"start":{"line":20,"column":13},"end":{"line":20,"column":16}},"loc":{"start":{"line":20,"column":23},"end":{"line":23,"column":5}}},"2":{"name":"(anonymous_4)","decl":{"start":{"line":26,"column":13},"end":{"line":26,"column":16}},"loc":{"start":{"line":26,"column":22},"end":{"line":29,"column":5}}},"3":{"name":"(anonymous_5)","decl":{"start":{"line":32,"column":13},"end":{"line":32,"column":16}},"loc":{"start":{"line":32,"column":30},"end":{"line":35,"column":5}}},"4":{"name":"(anonymous_6)","decl":{"start":{"line":38,"column":13},"end":{"line":38,"column":16}},"loc":{"start":{"line":38,"column":25},"end":{"line":48,"column":5}}},"5":{"name":"(anonymous_7)","decl":{"start":{"line":50,"column":4},"end":{"line":50,"column":7}},"loc":{"start":{"line":50,"column":8},"end":{"line":52,"column":5}}},"6":{"name":"(anonymous_8)","decl":{"start":{"line":62,"column":11},"end":{"line":null,"column":-1}},"loc":{"start":{"line":62,"column":11},"end":{"line":64,"column":5}}},"7":{"name":"(anonymous_9)","decl":{"start":{"line":66,"column":11},"end":{"line":null,"column":-1}},"loc":{"start":{"line":66,"column":11},"end":{"line":69,"column":5}}},"8":{"name":"(anonymous_10)","decl":{"start":{"line":67,"column":100},"end":{"line":67,"column":104}},"loc":{"start":{"line":67,"column":105},"end":{"line":67,"column":109}}},"9":{"name":"(anonymous_11)","decl":{"start":{"line":68,"column":98},"end":{"line":68,"column":102}},"loc":{"start":{"line":68,"column":103},"end":{"line":68,"column":107}}},"10":{"name":"(anonymous_12)","decl":{"start":{"line":71,"column":11},"end":{"line":null,"column":-1}},"loc":{"start":{"line":71,"column":11},"end":{"line":78,"column":5}}},"11":{"name":"(anonymous_13)","decl":{"start":{"line":80,"column":11},"end":{"line":80,"column":19}},"loc":{"start":{"line":80,"column":33},"end":{"line":82,"column":5}}},"12":{"name":"(anonymous_14)","decl":{"start":{"line":84,"column":11},"end":{"line":null,"column":-1}},"loc":{"start":{"line":84,"column":11},"end":{"line":86,"column":5}}},"13":{"name":"(anonymous_15)","decl":{"start":{"line":88,"column":11},"end":{"line":88,"column":26}},"loc":{"start":{"line":88,"column":27},"end":{"line":92,"column":5}}}},"branchMap":{"0":{"loc":{"start":{"line":21,"column":29},"end":{"line":21,"column":33}},"type":"cond-expr","locations":[{"start":{"line":21,"column":29},"end":{"line":21,"column":33}},{"start":{"line":21,"column":29},"end":{"line":21,"column":33}}]},"1":{"loc":{"start":{"line":27,"column":28},"end":{"line":27,"column":32}},"type":"cond-expr","locations":[{"start":{"line":27,"column":28},"end":{"line":27,"column":32}},{"start":{"line":27,"column":28},"end":{"line":27,"column":32}}]},"2":{"loc":{"start":{"line":33,"column":30},"end":{"line":33,"column":30}},"type":"cond-expr","locations":[{"start":{"line":33,"column":30},"end":{"line":33,"column":30}},{"start":{"line":33,"column":30},"end":{"line":33,"column":30}}]},"3":{"loc":{"start":{"line":39,"column":26},"end":{"line":39,"column":29}},"type":"cond-expr","locations":[{"start":{"line":39,"column":26},"end":{"line":39,"column":29}},{"start":{"line":39,"column":26},"end":{"line":39,"column":29}}]},"4":{"loc":{"start":{"line":42,"column":8},"end":{"line":47,"column":9}},"type":"if","locations":[{"start":{"line":42,"column":8},"end":{"line":47,"column":9}},{"start":{"line":42,"column":8},"end":{"line":47,"column":9}}]},"5":{"loc":{"start":{"line":74,"column":12},"end":{"line":76,"column":13}},"type":"if","locations":[{"start":{"line":74,"column":12},"end":{"line":76,"column":13}},{"start":{"line":74,"column":12},"end":{"line":76,"column":13}}]},"6":{"loc":{"start":{"line":90,"column":8},"end":{"line":91,"column":12}},"type":"if","locations":[{"start":{"line":90,"column":8},"end":{"line":91,"column":12}},{"start":{"line":90,"column":8},"end":{"line":91,"column":12}}]},"7":{"loc":{"start":{"line":58,"column":46},"end":{"line":58,"column":35}},"type":"binary-expr","locations":[{"start":{"line":58,"column":46},"end":{"line":58,"column":35}},{"start":{"line":58,"column":46},"end":{"line":58,"column":35}}]},"8":{"loc":{"start":{"line":58,"column":46},"end":{"line":58,"column":35}},"type":"binary-expr","locations":[{"start":{"line":58,"column":46},"end":{"line":58,"column":35}}]},"9":{"loc":{"start":{"line":58,"column":46},"end":{"line":59,"column":25}},"type":"binary-expr","locations":[{"start":{"line":58,"column":46},"end":{"line":59,"column":25}},{"start":{"line":58,"column":46},"end":{"line":59,"column":25}},{"start":{"line":58,"column":46},"end":{"line":59,"column":25}}]},"10":{"loc":{"start":{"line":58,"column":46},"end":{"line":59,"column":25}},"type":"binary-expr","locations":[{"start":{"line":58,"column":46},"end":{"line":59,"column":25}},{"start":{"line":58,"column":46},"end":{"line":59,"column":25}}]}},"s":{"0":1,"1":1,"2":0,"3":0,"4":0,"5":0,"6":0,"7":0,"8":0,"9":0,"10":0,"11":0,"12":0,"13":0,"14":0,"15":0,"16":0,"17":0,"18":0,"19":0,"20":0,"21":0,"22":0,"23":0,"24":0,"25":0,"26":0,"27":0,"28":0,"29":0,"30":0,"31":0,"32":0,"33":0,"34":0,"35":0,"36":1,"37":1,"38":1,"39":1,"40":1,"41":1},"f":{"0":0,"1":0,"2":0,"3":0,"4":0,"5":0,"6":0,"7":0,"8":0,"9":0,"10":0,"11":0,"12":0,"13":0},"b":{"0":[0,0],"1":[0,0],"2":[0,0],"3":[0,0],"4":[0,0],"5":[0,0],"6":[0,0],"7":[1,0],"8":[1],"9":[1,1,0],"10":[1,1]}}
,"C:\\WWW\\yo-split\\src\\splitGutter.directive.ts": {"path":"C:\\WWW\\yo-split\\src\\splitGutter.directive.ts","statementMap":{"0":{"start":{"line":1,"column":0},"end":{"line":1,"column":70}},"1":{"start":{"line":31,"column":24},"end":{"line":null,"column":-1}},"2":{"start":{"line":32,"column":24},"end":{"line":null,"column":-1}},"3":{"start":{"line":25,"column":12},"end":{"line":25,"column":33}},"4":{"start":{"line":10,"column":8},"end":{"line":10,"column":31}},"5":{"start":{"line":15,"column":8},"end":{"line":15,"column":26}},"6":{"start":{"line":16,"column":8},"end":{"line":16,"column":13}},"7":{"start":{"line":21,"column":8},"end":{"line":21,"column":21}},"8":{"start":{"line":22,"column":8},"end":{"line":22,"column":13}},"9":{"start":{"line":27,"column":8},"end":{"line":27,"column":25}},"10":{"start":{"line":28,"column":8},"end":{"line":28,"column":13}},"11":{"start":{"line":35,"column":8},"end":{"line":35,"column":55}},"12":{"start":{"line":40,"column":14},"end":{"line":40,"column":28}},"13":{"start":{"line":41,"column":8},"end":{"line":41,"column":47}},"14":{"start":{"line":42,"column":8},"end":{"line":42,"column":76}},"15":{"start":{"line":46,"column":8},"end":{"line":46,"column":74}},"16":{"start":{"line":52,"column":16},"end":{"line":52,"column":23}},"17":{"start":{"line":55,"column":16},"end":{"line":55,"column":23}},"18":{"start":{"line":58,"column":16},"end":{"line":58,"column":23}},"19":{"start":{"line":65,"column":16},"end":{"line":65,"column":23}},"20":{"start":{"line":68,"column":16},"end":{"line":68,"column":23}},"21":{"start":{"line":71,"column":16},"end":{"line":71,"column":23}},"22":{"start":{"line":9,"column":13},"end":{"line":11,"column":5}},"23":{"start":{"line":14,"column":13},"end":{"line":17,"column":5}},"24":{"start":{"line":20,"column":13},"end":{"line":23,"column":5}},"25":{"start":{"line":26,"column":13},"end":{"line":29,"column":5}},"26":{"start":{"line":7,"column":13},"end":{"line":null,"column":-1}},"27":{"start":{"line":7,"column":13},"end":{"line":7,"column":33}}},"fnMap":{"0":{"name":"(anonymous_2)","decl":{"start":{"line":31,"column":4},"end":{"line":31,"column":23}},"loc":{"start":{"line":32,"column":24},"end":{"line":32,"column":46}}},"1":{"name":"(anonymous_3)","decl":{"start":{"line":9,"column":13},"end":{"line":9,"column":16}},"loc":{"start":{"line":9,"column":23},"end":{"line":11,"column":5}}},"2":{"name":"(anonymous_4)","decl":{"start":{"line":14,"column":13},"end":{"line":14,"column":16}},"loc":{"start":{"line":14,"column":27},"end":{"line":17,"column":5}}},"3":{"name":"(anonymous_5)","decl":{"start":{"line":20,"column":13},"end":{"line":20,"column":16}},"loc":{"start":{"line":20,"column":22},"end":{"line":23,"column":5}}},"4":{"name":"(anonymous_6)","decl":{"start":{"line":26,"column":13},"end":{"line":26,"column":16}},"loc":{"start":{"line":26,"column":26},"end":{"line":29,"column":5}}},"5":{"name":"(anonymous_7)","decl":{"start":{"line":34,"column":12},"end":{"line":null,"column":-1}},"loc":{"start":{"line":34,"column":12},"end":{"line":43,"column":5}}},"6":{"name":"(anonymous_8)","decl":{"start":{"line":45,"column":12},"end":{"line":45,"column":20}},"loc":{"start":{"line":45,"column":34},"end":{"line":47,"column":5}}},"7":{"name":"(anonymous_9)","decl":{"start":{"line":49,"column":12},"end":{"line":49,"column":21}},"loc":{"start":{"line":49,"column":22},"end":{"line":60,"column":5}}},"8":{"name":"(anonymous_10)","decl":{"start":{"line":62,"column":12},"end":{"line":62,"column":20}},"loc":{"start":{"line":62,"column":21},"end":{"line":73,"column":5}}}},"branchMap":{"0":{"loc":{"start":{"line":38,"column":13},"end":{"line":38,"column":33}},"type":"cond-expr","locations":[{"start":{"line":38,"column":13},"end":{"line":38,"column":33}},{"start":{"line":38,"column":38},"end":{"line":38,"column":52}}]},"1":{"loc":{"start":{"line":40,"column":14},"end":{"line":40,"column":22}},"type":"cond-expr","locations":[{"start":{"line":40,"column":14},"end":{"line":40,"column":22}},{"start":{"line":40,"column":14},"end":{"line":40,"column":28}}]},"2":{"loc":{"start":{"line":51,"column":12},"end":{"line":52,"column":23}},"type":"switch","locations":[{"start":{"line":51,"column":12},"end":{"line":52,"column":23}},{"start":{"line":54,"column":12},"end":{"line":55,"column":23}},{"start":{"line":57,"column":12},"end":{"line":58,"column":23}}]},"3":{"loc":{"start":{"line":64,"column":12},"end":{"line":65,"column":23}},"type":"switch","locations":[{"start":{"line":64,"column":12},"end":{"line":65,"column":23}},{"start":{"line":67,"column":12},"end":{"line":68,"column":23}},{"start":{"line":70,"column":12},"end":{"line":71,"column":23}}]},"4":{"loc":{"start":{"line":31,"column":46},"end":{"line":31,"column":35}},"type":"binary-expr","locations":[{"start":{"line":31,"column":46},"end":{"line":31,"column":35}},{"start":{"line":31,"column":46},"end":{"line":31,"column":35}}]},"5":{"loc":{"start":{"line":31,"column":46},"end":{"line":31,"column":35}},"type":"binary-expr","locations":[{"start":{"line":31,"column":46},"end":{"line":31,"column":35}}]}},"s":{"0":1,"1":0,"2":0,"3":0,"4":0,"5":0,"6":0,"7":0,"8":0,"9":0,"10":0,"11":0,"12":0,"13":0,"14":0,"15":0,"16":0,"17":0,"18":0,"19":0,"20":0,"21":0,"22":1,"23":1,"24":1,"25":1,"26":1,"27":1},"f":{"0":0,"1":0,"2":0,"3":0,"4":0,"5":0,"6":0,"7":0,"8":0},"b":{"0":[0,0],"1":[0,0],"2":[0,0,0],"3":[0,0,0],"4":[1,0],"5":[1]}}
}
