TN:
SF:C:\WWW\yo-split\src\index.ts
FN:2,(anonymous_0)
FN:15,(anonymous_1)
FNF:2
FNH:0
FNDA:0,(anonymous_0)
FNDA:0,(anonymous_1)
DA:1,0
DA:2,0
DA:3,0
DA:4,0
DA:5,0
DA:6,0
DA:8,0
DA:9,0
DA:10,0
DA:11,0
DA:12,0
DA:13,0
DA:14,0
DA:16,0
DA:22,0
DA:39,0
LF:16
LH:0
BRDA:2,0,0,0
BRDA:2,0,1,0
BRDA:2,0,2,0
BRDA:3,1,0,0
BRDA:3,1,1,0
BRDA:3,2,0,0
BRDA:3,2,1,0
BRDA:4,3,0,0
BRDA:4,3,1,0
BRDA:4,4,0,0
BRDA:4,4,1,0
BRDA:5,5,0,0
BRDA:5,5,1,0
BRDA:5,6,0,0
BRDA:5,6,1,0
BRDA:5,7,0,0
BRDA:5,7,1,0
BRDA:5,8,0,0
BRDA:5,8,1,0
BRDA:6,9,0,0
BRDA:6,9,1,0
BRDA:6,9,2,0
BRF:22
BRH:0
end_of_record
TN:
SF:C:\WWW\yo-split\src\jest-global-mocks.ts
FN:1,(anonymous_0)
FN:4,(anonymous_1)
FN:5,(anonymous_2)
FN:6,(anonymous_3)
FN:7,(anonymous_4)
FN:14,(anonymous_5)
FNF:6
FNH:1
FNDA:2,(anonymous_0)
FNDA:0,(anonymous_1)
FNDA:0,(anonymous_2)
FNDA:0,(anonymous_3)
FNDA:0,(anonymous_4)
FNDA:0,(anonymous_5)
DA:1,1
DA:2,2
DA:4,0
DA:5,0
DA:6,0
DA:7,0
DA:11,1
DA:12,1
DA:14,0
LF:9
LH:4
BRDA:4,0,0,0
BRDA:4,0,1,0
BRDA:5,1,0,0
BRDA:5,1,1,0
BRF:4
BRH:0
end_of_record
TN:
SF:C:\WWW\yo-split\src\jest.ts
FNF:0
FNH:0
DA:1,1
DA:2,1
LF:2
LH:2
BRF:0
BRH:0
end_of_record
TN:
SF:C:\WWW\yo-split\src\split.component.ts
FN:131,(anonymous_2)
FN:94,(anonymous_3)
FN:98,(anonymous_4)
FN:102,(anonymous_5)
FN:107,(anonymous_6)
FN:111,(anonymous_7)
FN:115,(anonymous_8)
FN:116,(anonymous_9)
FN:119,(anonymous_10)
FN:135,(anonymous_11)
FN:141,(anonymous_12)
FN:154,(anonymous_13)
FN:155,(anonymous_14)
FN:166,(anonymous_15)
FN:167,(anonymous_16)
FN:172,(anonymous_17)
FN:178,(anonymous_18)
FN:179,(anonymous_19)
FN:186,(anonymous_20)
FN:187,(anonymous_21)
FN:194,(anonymous_22)
FN:200,(anonymous_23)
FN:206,(anonymous_24)
FN:208,(anonymous_25)
FN:211,(anonymous_26)
FN:217,(anonymous_27)
FN:218,(anonymous_29)
FN:222,(anonymous_30)
FN:224,(anonymous_31)
FN:231,(anonymous_32)
FN:235,(anonymous_33)
FN:238,(anonymous_34)
FN:245,(anonymous_35)
FN:246,(anonymous_36)
FN:273,(anonymous_37)
FN:274,(anonymous_38)
FN:275,(anonymous_39)
FN:276,(anonymous_40)
FN:277,(anonymous_41)
FN:286,(anonymous_42)
FN:311,(anonymous_43)
FN:342,(anonymous_44)
FN:347,(anonymous_45)
FN:364,(anonymous_46)
FN:365,(anonymous_47)
FN:382,(anonymous_48)
FNF:46
FNH:1
FNDA:1,(anonymous_2)
FNDA:0,(anonymous_3)
FNDA:0,(anonymous_4)
FNDA:0,(anonymous_5)
FNDA:0,(anonymous_6)
FNDA:0,(anonymous_7)
FNDA:0,(anonymous_8)
FNDA:0,(anonymous_9)
FNDA:0,(anonymous_10)
FNDA:0,(anonymous_11)
FNDA:0,(anonymous_12)
FNDA:0,(anonymous_13)
FNDA:0,(anonymous_14)
FNDA:0,(anonymous_15)
FNDA:0,(anonymous_16)
FNDA:0,(anonymous_17)
FNDA:0,(anonymous_18)
FNDA:0,(anonymous_19)
FNDA:0,(anonymous_20)
FNDA:0,(anonymous_21)
FNDA:0,(anonymous_22)
FNDA:0,(anonymous_23)
FNDA:0,(anonymous_24)
FNDA:0,(anonymous_25)
FNDA:0,(anonymous_26)
FNDA:0,(anonymous_27)
FNDA:0,(anonymous_29)
FNDA:0,(anonymous_30)
FNDA:0,(anonymous_31)
FNDA:0,(anonymous_32)
FNDA:0,(anonymous_33)
FNDA:0,(anonymous_34)
FNDA:0,(anonymous_35)
FNDA:0,(anonymous_36)
FNDA:0,(anonymous_37)
FNDA:0,(anonymous_38)
FNDA:0,(anonymous_39)
FNDA:0,(anonymous_40)
FNDA:0,(anonymous_41)
FNDA:0,(anonymous_42)
FNDA:0,(anonymous_43)
FNDA:0,(anonymous_44)
FNDA:0,(anonymous_45)
FNDA:0,(anonymous_46)
FNDA:0,(anonymous_47)
FNDA:0,(anonymous_48)
DA:1,1
DA:3,1
DA:4,1
DA:80,1
DA:81,1
DA:82,1
DA:83,1
DA:84,1
DA:85,1
DA:86,1
DA:88,1
DA:89,1
DA:90,1
DA:91,1
DA:92,1
DA:94,1
DA:95,0
DA:98,1
DA:99,0
DA:102,1
DA:104,0
DA:107,1
DA:108,0
DA:111,1
DA:112,0
DA:116,0
DA:120,0
DA:123,1
DA:124,1
DA:125,1
DA:126,1
DA:127,1
DA:128,1
DA:129,1
DA:131,1
DA:132,1
DA:133,1
DA:136,0
DA:137,0
DA:151,0
DA:155,0
DA:157,0
DA:158,0
DA:159,0
DA:160,0
DA:162,0
DA:167,0
DA:169,0
DA:170,0
DA:171,0
DA:172,0
DA:174,0
DA:179,0
DA:181,0
DA:182,0
DA:187,0
DA:189,0
DA:190,0
DA:195,0
DA:197,0
DA:201,0
DA:203,0
DA:206,0
DA:207,0
DA:208,0
DA:211,0
DA:212,0
DA:213,0
DA:217,0
DA:218,0
DA:220,0
DA:221,0
DA:222,0
DA:224,0
DA:227,0
DA:228,0
DA:232,0
DA:234,0
DA:235,0
DA:239,0
DA:241,0
DA:242,0
DA:245,0
DA:246,0
DA:247,0
DA:248,0
DA:251,0
DA:252,0
DA:253,0
DA:254,0
DA:257,0
DA:263,0
DA:270,0
DA:273,0
DA:274,0
DA:275,0
DA:276,0
DA:277,0
DA:279,0
DA:280,0
DA:282,0
DA:283,0
DA:287,0
DA:288,0
DA:292,0
DA:298,0
DA:305,0
DA:308,0
DA:312,0
DA:314,0
DA:315,0
DA:317,0
DA:318,0
DA:321,0
DA:322,0
DA:324,0
DA:325,0
DA:326,0
DA:327,0
DA:328,0
DA:329,0
DA:331,0
DA:332,0
DA:335,0
DA:336,0
DA:338,0
DA:339,0
DA:343,0
DA:344,0
DA:347,0
DA:349,0
DA:350,0
DA:351,0
DA:352,0
DA:356,0
DA:357,0
DA:358,0
DA:360,0
DA:361,0
DA:365,0
DA:369,0
DA:372,0
DA:375,0
DA:378,0
DA:383,0
LF:145
LH:30
BRDA:99,0,0,0
BRDA:99,0,1,0
BRDA:104,1,0,0
BRDA:104,1,1,0
BRDA:108,2,0,0
BRDA:108,2,1,0
BRDA:108,3,0,0
BRDA:108,3,1,0
BRDA:108,3,2,0
BRDA:112,4,0,0
BRDA:112,4,1,0
BRDA:112,5,0,0
BRDA:112,5,1,0
BRDA:112,5,2,0
BRDA:120,6,0,0
BRDA:120,6,1,0
BRDA:136,7,0,0
BRDA:136,7,1,0
BRDA:136,8,0,0
BRDA:136,8,1,0
BRDA:157,9,0,0
BRDA:157,9,1,0
BRDA:169,10,0,0
BRDA:169,10,1,0
BRDA:181,11,0,0
BRDA:181,11,1,0
BRDA:189,12,0,0
BRDA:189,12,1,0
BRDA:197,13,0,0
BRDA:197,13,1,0
BRDA:206,14,0,0
BRDA:206,14,1,0
BRDA:207,15,0,0
BRDA:207,15,1,0
BRDA:218,16,0,0
BRDA:218,16,1,0
BRDA:218,16,2,0
BRDA:220,17,0,0
BRDA:220,17,1,0
BRDA:220,18,0,0
BRDA:220,18,1,0
BRDA:220,18,2,0
BRDA:241,19,0,0
BRDA:241,19,1,0
BRDA:247,20,0,0
BRDA:247,20,1,0
BRDA:247,21,0,0
BRDA:247,21,1,0
BRDA:251,22,0,0
BRDA:251,22,1,0
BRDA:257,23,0,0
BRDA:257,23,1,0
BRDA:263,24,0,0
BRDA:263,24,1,0
BRDA:287,25,0,0
BRDA:287,25,1,0
BRDA:292,26,0,0
BRDA:292,26,1,0
BRDA:298,27,0,0
BRDA:298,27,1,0
BRDA:312,28,0,0
BRDA:312,28,1,0
BRDA:317,29,0,0
BRDA:317,29,1,0
BRDA:317,30,0,0
BRDA:317,30,1,0
BRDA:324,31,0,0
BRDA:324,31,1,0
BRDA:327,32,0,0
BRDA:327,32,1,0
BRDA:343,33,0,0
BRDA:343,33,1,0
BRDA:351,34,0,0
BRDA:351,34,1,0
BRDA:368,35,0,0
BRDA:368,35,1,0
BRDA:368,35,2,0
BRDA:368,35,3,0
BRDA:131,36,0,1
BRDA:131,36,1,0
BRDA:131,37,0,1
BRDA:131,37,1,1
BRDA:131,38,0,1
BRDA:131,38,1,1
BRDA:131,38,2,0
BRDA:131,39,0,1
BRDA:131,39,1,1
BRF:87
BRH:7
end_of_record
TN:
SF:C:\WWW\yo-split\src\splitArea.directive.ts
FN:58,(anonymous_2)
FN:20,(anonymous_3)
FN:26,(anonymous_4)
FN:32,(anonymous_5)
FN:38,(anonymous_6)
FN:50,(anonymous_7)
FN:62,(anonymous_8)
FN:66,(anonymous_9)
FN:67,(anonymous_10)
FN:68,(anonymous_11)
FN:71,(anonymous_12)
FN:80,(anonymous_13)
FN:84,(anonymous_14)
FN:88,(anonymous_15)
FNF:14
FNH:0
FNDA:0,(anonymous_2)
FNDA:0,(anonymous_3)
FNDA:0,(anonymous_4)
FNDA:0,(anonymous_5)
FNDA:0,(anonymous_6)
FNDA:0,(anonymous_7)
FNDA:0,(anonymous_8)
FNDA:0,(anonymous_9)
FNDA:0,(anonymous_10)
FNDA:0,(anonymous_11)
FNDA:0,(anonymous_12)
FNDA:0,(anonymous_13)
FNDA:0,(anonymous_14)
FNDA:0,(anonymous_15)
DA:1,1
DA:2,1
DA:17,1
DA:19,0
DA:20,1
DA:21,0
DA:22,0
DA:25,0
DA:26,1
DA:27,0
DA:28,0
DA:31,0
DA:32,1
DA:33,0
DA:34,0
DA:37,0
DA:38,1
DA:39,0
DA:40,0
DA:42,0
DA:43,0
DA:46,0
DA:51,0
DA:54,0
DA:56,0
DA:58,0
DA:59,0
DA:60,0
DA:63,0
DA:67,0
DA:68,0
DA:72,0
DA:73,0
DA:74,0
DA:75,0
DA:81,0
DA:85,0
DA:90,0
DA:91,0
LF:39
LH:7
BRDA:21,0,0,0
BRDA:21,0,1,0
BRDA:27,1,0,0
BRDA:27,1,1,0
BRDA:33,2,0,0
BRDA:33,2,1,0
BRDA:39,3,0,0
BRDA:39,3,1,0
BRDA:42,4,0,0
BRDA:42,4,1,0
BRDA:74,5,0,0
BRDA:74,5,1,0
BRDA:90,6,0,0
BRDA:90,6,1,0
BRDA:58,7,0,1
BRDA:58,7,1,0
BRDA:58,8,0,1
BRDA:58,9,0,1
BRDA:58,9,1,1
BRDA:58,9,2,0
BRDA:58,10,0,1
BRDA:58,10,1,1
BRF:22
BRH:6
end_of_record
TN:
SF:C:\WWW\yo-split\src\splitGutter.directive.ts
FN:31,(anonymous_2)
FN:9,(anonymous_3)
FN:14,(anonymous_4)
FN:20,(anonymous_5)
FN:26,(anonymous_6)
FN:34,(anonymous_7)
FN:45,(anonymous_8)
FN:49,(anonymous_9)
FN:62,(anonymous_10)
FNF:9
FNH:0
FNDA:0,(anonymous_2)
FNDA:0,(anonymous_3)
FNDA:0,(anonymous_4)
FNDA:0,(anonymous_5)
FNDA:0,(anonymous_6)
FNDA:0,(anonymous_7)
FNDA:0,(anonymous_8)
FNDA:0,(anonymous_9)
FNDA:0,(anonymous_10)
DA:1,1
DA:7,1
DA:9,1
DA:10,0
DA:14,1
DA:15,0
DA:16,0
DA:20,1
DA:21,0
DA:22,0
DA:25,0
DA:26,1
DA:27,0
DA:28,0
DA:31,0
DA:32,0
DA:35,0
DA:40,0
DA:41,0
DA:42,0
DA:46,0
DA:52,0
DA:55,0
DA:58,0
DA:65,0
DA:68,0
DA:71,0
LF:27
LH:6
BRDA:38,0,0,0
BRDA:38,0,1,0
BRDA:40,1,0,0
BRDA:40,1,1,0
BRDA:51,2,0,0
BRDA:51,2,1,0
BRDA:51,2,2,0
BRDA:64,3,0,0
BRDA:64,3,1,0
BRDA:64,3,2,0
BRDA:31,4,0,1
BRDA:31,4,1,0
BRDA:31,5,0,1
BRF:13
BRH:2
end_of_record
